d:\baidusyncdisk\learning\c语言\c语言进阶\02 指针进阶\debug\vc143.pdb
d:\baidusyncdisk\learning\c语言\c语言进阶\02 指针进阶\debug\vc143.idb
d:\baidusyncdisk\learning\c语言\c语言进阶\02 指针进阶\debug\05 函数指针.obj
d:\baidusyncdisk\learning\c语言\c语言进阶\02 指针进阶\debug\04 数组传参和指针传参.obj
d:\baidusyncdisk\learning\c语言\c语言进阶\02 指针进阶\debug\03 数组指针.obj
d:\baidusyncdisk\learning\c语言\c语言进阶\02 指针进阶\debug\02 指针数组.obj
d:\baidusyncdisk\learning\c语言\c语言进阶\02 指针进阶\debug\01 字符指针.obj
d:\baidusyncdisk\learning\c语言\c语言进阶\02 指针进阶\debug\08 回调函数.obj
d:\baidusyncdisk\learning\c语言\c语言进阶\02 指针进阶\debug\06 函数指针数组.obj
d:\baidusyncdisk\learning\c语言\c语言进阶\debug\02 指针进阶.exe
d:\baidusyncdisk\learning\c语言\c语言进阶\02 指针进阶\debug\02 指针进阶.ilk
d:\baidusyncdisk\learning\c语言\c语言进阶\debug\02 指针进阶.pdb
d:\baidusyncdisk\learning\c语言\c语言进阶\02 指针进阶\debug\函数指针数组.obj
d:\baidusyncdisk\learning\c语言\c语言进阶\02 指针进阶\debug\02 指针进阶.tlog\cl.command.1.tlog
d:\baidusyncdisk\learning\c语言\c语言进阶\02 指针进阶\debug\02 指针进阶.tlog\cl.read.1.tlog
d:\baidusyncdisk\learning\c语言\c语言进阶\02 指针进阶\debug\02 指针进阶.tlog\cl.write.1.tlog
d:\baidusyncdisk\learning\c语言\c语言进阶\02 指针进阶\debug\02 指针进阶.tlog\link-cvtres.read.1.tlog
d:\baidusyncdisk\learning\c语言\c语言进阶\02 指针进阶\debug\02 指针进阶.tlog\link-cvtres.write.1.tlog
d:\baidusyncdisk\learning\c语言\c语言进阶\02 指针进阶\debug\02 指针进阶.tlog\link-rc.read.1.tlog
d:\baidusyncdisk\learning\c语言\c语言进阶\02 指针进阶\debug\02 指针进阶.tlog\link-rc.write.1.tlog
d:\baidusyncdisk\learning\c语言\c语言进阶\02 指针进阶\debug\02 指针进阶.tlog\link.9992-cvtres.read.1.tlog
d:\baidusyncdisk\learning\c语言\c语言进阶\02 指针进阶\debug\02 指针进阶.tlog\link.9992-cvtres.write.1.tlog
d:\baidusyncdisk\learning\c语言\c语言进阶\02 指针进阶\debug\02 指针进阶.tlog\link.9992-rc.read.1.tlog
d:\baidusyncdisk\learning\c语言\c语言进阶\02 指针进阶\debug\02 指针进阶.tlog\link.9992-rc.write.1.tlog
d:\baidusyncdisk\learning\c语言\c语言进阶\02 指针进阶\debug\02 指针进阶.tlog\link.9992.read.1.tlog
d:\baidusyncdisk\learning\c语言\c语言进阶\02 指针进阶\debug\02 指针进阶.tlog\link.9992.write.1.tlog
d:\baidusyncdisk\learning\c语言\c语言进阶\02 指针进阶\debug\02 指针进阶.tlog\link.command.1.tlog
d:\baidusyncdisk\learning\c语言\c语言进阶\02 指针进阶\debug\02 指针进阶.tlog\link.read.1.tlog
d:\baidusyncdisk\learning\c语言\c语言进阶\02 指针进阶\debug\02 指针进阶.tlog\link.write.1.tlog
